<?xml version="1.0" encoding="UTF-8"?>
<testng-results skipped="0" failed="0" ignored="0" total="1" passed="1">
  <reporter-output>
  </reporter-output>
  <suite name="Default suite" duration-ms="24808" started-at="2021-06-29T02:29:42Z" finished-at="2021-06-29T02:30:06Z">
    <groups>
      <group name="sanity">
        <method signature="VerifyDownloaded.verifydownloads()[pri:0, instance:tests.VerifyDownloaded@1817d444]" name="verifydownloads" class="tests.VerifyDownloaded"/>
      </group> <!-- sanity -->
    </groups>
    <test name="Default test" duration-ms="24808" started-at="2021-06-29T02:29:42Z" finished-at="2021-06-29T02:30:06Z">
      <class name="tests.VerifyDownloaded">
        <test-method status="PASS" signature="setup()[pri:0, instance:tests.VerifyDownloaded@1817d444]" name="setup" is-config="true" duration-ms="7957" started-at="2021-06-29T02:29:42Z" finished-at="2021-06-29T02:29:50Z">
          <reporter-output>
          </reporter-output>
        </test-method> <!-- setup -->
        <test-method status="PASS" signature="verifydownloads()[pri:0, instance:tests.VerifyDownloaded@1817d444]" name="verifydownloads" duration-ms="6829" started-at="2021-06-29T02:29:50Z" finished-at="2021-06-29T02:29:56Z">
          <reporter-output>
          </reporter-output>
        </test-method> <!-- verifydownloads -->
        <test-method status="PASS" signature="teardown()[pri:0, instance:tests.VerifyDownloaded@1817d444]" name="teardown" is-config="true" duration-ms="10008" started-at="2021-06-29T02:29:56Z" finished-at="2021-06-29T02:30:06Z">
          <reporter-output>
          </reporter-output>
        </test-method> <!-- teardown -->
      </class> <!-- tests.VerifyDownloaded -->
    </test> <!-- Default test -->
  </suite> <!-- Default suite -->
</testng-results>
