<?xml version="1.0" encoding="UTF-8"?>
<!-- Generated by org.testng.reporters.JUnitXMLReporter -->
<testsuite hostname="WLI205ZB" ignored="0" name="Test" tests="2" failures="2" timestamp="29 Jun 2021 02:24:46 GMT" time="0.037" errors="0">
  <testcase name="verifysubscription" time="0.01" classname="tests.VerifySubscription">
    <failure type="java.lang.NullPointerException">
      <![CDATA[java.lang.NullPointerException
at pages.Subscribe.ClickOnClose(Subscribe.java:24)
at tests.VerifySubscription.verifysubscription(VerifySubscription.java:12)
... Removed 25 stack frames]]>
    </failure>
  </testcase> <!-- verifysubscription -->
  <testcase name="verifydownloads" time="0.0" classname="tests.VerifyDownloaded">
    <failure type="java.lang.NullPointerException">
      <![CDATA[java.lang.NullPointerException
at pages.Download.ClickOnClose(Download.java:23)
at tests.VerifyDownloaded.verifydownloads(VerifyDownloaded.java:11)
... Removed 25 stack frames]]>
    </failure>
  </testcase> <!-- verifydownloads -->
</testsuite> <!-- Test -->
